INFO:root:Contract //root/smartbugs/dataset/int_bugs_9/0604/repair_tru/NTO_repair_mutation_for_inttruncate_58_0.sol:FujintoToken:
INFO:symExec:Running, please wait...
Traceback (most recent call last):
  File "/root/osiris/taintFlow.py", line 652, in perform_taint_analysis
    propagate_taint(taint, tainted_stack, tainted_memory, tainted_storage, instruction, current_stack, previous_block, current_block, next_blocks, arithmetic_errors, sha3_list, false_positives, strings)
  File "/root/osiris/taintFlow.py", line 361, in propagate_taint
    remove_taint(matches, taint, tainted_stack, tainted_memory, tainted_storage, arithmetic_errors, false_positives, strings)
  File "/root/osiris/taintFlow.py", line 564, in remove_taint
    if string in get_vars(data_out):
  File "/root/osiris/z3/z3.py", line 844, in __eq__
    a, b = _coerce_exprs(self, other)
  File "/root/osiris/z3/z3.py", line 1010, in _coerce_exprs
    s = _coerce_expr_merge(s, b)
  File "/root/osiris/z3/z3.py", line 991, in _coerce_expr_merge
    if s1.eq(s):
  File "/root/osiris/z3/z3.py", line 350, in eq
    return Z3_is_eq_ast(self.ctx_ref(), self.as_ast(), other.as_ast())
  File "/root/osiris/z3/z3core.py", line 2552, in Z3_is_eq_ast
    _elems.Check(a0)
  File "/root/osiris/symExec.py", line 2868, in handler
    raise Exception("timeout")
Exception: timeout
INFO:symExec:	============ Results ===========
INFO:symExec:	  EVM code coverage: 	 77.3%
INFO:symExec:	  Arithmetic bugs: 	 False
INFO:symExec:	  └> Overflow bugs: 	 False
INFO:symExec:	  └> Underflow bugs: 	 False
INFO:symExec:	  └> Division bugs: 	 False
INFO:symExec:	  └> Modulo bugs:   	 False
INFO:symExec:	  └> Truncation bugs: 	 False
INFO:symExec:	  └> Signedness bugs: 	 False
INFO:symExec:	  Callstack bug: 	 False
INFO:symExec:	  Concurrency bug: 	 False
INFO:symExec:	  Time dependency bug: 	 False
INFO:symExec:	  Reentrancy bug: 	 False
INFO:symExec:	 --- 50.0708060265 seconds ---
INFO:symExec:	====== Analysis Completed ======
INFO:root:Contract //root/smartbugs/dataset/int_bugs_9/0604/repair_tru/NTO_repair_mutation_for_inttruncate_58_0.sol:owned:
INFO:symExec:Running, please wait...
INFO:symExec:	============ Results ===========
INFO:symExec:	  EVM code coverage: 	 99.4%
INFO:symExec:	  Arithmetic bugs: 	 False
INFO:symExec:	  └> Overflow bugs: 	 False
INFO:symExec:	  └> Underflow bugs: 	 False
INFO:symExec:	  └> Division bugs: 	 False
INFO:symExec:	  └> Modulo bugs:   	 False
INFO:symExec:	  └> Truncation bugs: 	 False
INFO:symExec:	  └> Signedness bugs: 	 False
INFO:symExec:	  Callstack bug: 	 False
INFO:symExec:	  Concurrency bug: 	 False
INFO:symExec:	  Time dependency bug: 	 False
INFO:symExec:	  Reentrancy bug: 	 False
INFO:symExec:	 --- 0.243766069412 seconds ---
INFO:symExec:	====== Analysis Completed ======
INFO:root:Contract //root/smartbugs/dataset/int_bugs_9/0604/repair_tru/NTO_repair_mutation_for_inttruncate_58_0.sol:token:
INFO:symExec:Running, please wait...
Traceback (most recent call last):
  File "_ctypes/callbacks.c", line 315, in 'calling callback function'
  File "/root/osiris/z3/z3.py", line 137, in z3_error_handler
    def z3_error_handler(c, e):
  File "/root/osiris/symExec.py", line 2868, in handler

  .oooooo.             o8o            o8o          
 d8P'  `Y8b            `"'            `"'          
888      888  .oooo.o oooo  oooo d8b oooo   .oooo.o
888      888 d88(  "8 `888  `888""8P `888  d88(  "8
888      888 `"Y88b.   888   888      888  `"Y88b. 
`88b    d88' o.  )88b  888   888      888  o.  )88b
 `Y8bood8P'  8""888P' o888o d888b    o888o 8""888P'


!!! SYMBOLIC EXECUTION TIMEOUT !!!
Unexpected error: <type 'exceptions.Exception'>


!!! SYMBOLIC EXECUTION TIMEOUT !!!
    raise Exception("timeout")
Exception: timeout
INFO:symExec:	============ Results ===========
INFO:symExec:	  EVM code coverage: 	 94.7%
INFO:symExec:	  Arithmetic bugs: 	 True
INFO:symExec:	  └> Overflow bugs: 	 True
//root/smartbugs/dataset/int_bugs_9/0604/repair_tru/NTO_repair_mutation_for_inttruncate_58_0.sol:token:58:1
balanceOf[_to] +=uint128(_value)
^
INFO:symExec:	  └> Underflow bugs: 	 False
INFO:symExec:	  └> Division bugs: 	 False
INFO:symExec:	  └> Modulo bugs:   	 False
INFO:symExec:	  └> Truncation bugs: 	 False
INFO:symExec:	  └> Signedness bugs: 	 False
INFO:symExec:	  Callstack bug: 	 False
INFO:symExec:	  Concurrency bug: 	 False
INFO:symExec:	  Time dependency bug: 	 False
INFO:symExec:	  Reentrancy bug: 	 False
INFO:symExec:	 --- 50.1827921867 seconds ---
INFO:symExec:	====== Analysis Completed ======