INFO:root:Contract //root/smartbugs/dataset/int_bugs_9/0604/repair_tru/SMT_repair_mutation_for_inttruncate_246_1.sol:Controlled:
INFO:symExec:Running, please wait...
INFO:symExec:	============ Results ===========
INFO:symExec:	  EVM code coverage: 	 99.9%
INFO:symExec:	  Arithmetic bugs: 	 False
INFO:symExec:	  └> Overflow bugs: 	 False
INFO:symExec:	  └> Underflow bugs: 	 False
INFO:symExec:	  └> Division bugs: 	 False
INFO:symExec:	  └> Modulo bugs:   	 False
INFO:symExec:	  └> Truncation bugs: 	 False
INFO:symExec:	  └> Signedness bugs: 	 False
INFO:symExec:	  Callstack bug: 	 False
INFO:symExec:	  Concurrency bug: 	 False
INFO:symExec:	  Time dependency bug: 	 False
INFO:symExec:	  Reentrancy bug: 	 False
INFO:symExec:	 --- 0.629364013672 seconds ---
INFO:symExec:	====== Analysis Completed ======
INFO:root:Contract //root/smartbugs/dataset/int_bugs_9/0604/repair_tru/SMT_repair_mutation_for_inttruncate_246_1.sol:Owned:
INFO:symExec:Running, please wait...
INFO:symExec:	============ Results ===========
INFO:symExec:	  EVM code coverage: 	 99.7%
INFO:symExec:	  Arithmetic bugs: 	 False
INFO:symExec:	  └> Overflow bugs: 	 False
INFO:symExec:	  └> Underflow bugs: 	 False
INFO:symExec:	  └> Division bugs: 	 False
INFO:symExec:	  └> Modulo bugs:   	 False
INFO:symExec:	  └> Truncation bugs: 	 False
INFO:symExec:	  └> Signedness bugs: 	 False
INFO:symExec:	  Callstack bug: 	 False
INFO:symExec:	  Concurrency bug: 	 False
INFO:symExec:	  Time dependency bug: 	 False
INFO:symExec:	  Reentrancy bug: 	 False
INFO:symExec:	 --- 0.267934083939 seconds ---
INFO:symExec:	====== Analysis Completed ======
INFO:root:Contract //root/smartbugs/dataset/int_bugs_9/0604/repair_tru/SMT_repair_mutation_for_inttruncate_246_1.sol:SMT:
INFO:symExec:Running, please wait...
Traceback (most recent call last):
  File "/root/osiris/taintFlow.py", line 652, in perform_taint_analysis
    propagate_taint(taint, tainted_stack, tainted_memory, tainted_storage, instruction, current_stack, previous_block, current_block, next_blocks, arithmetic_errors, sha3_list, false_positives, strings)
  File "/root/osiris/taintFlow.py", line 313, in propagate_taint
    expression = remove_line_break_space(simplify(current_block.get_branch_expression()))
  File "/root/osiris/z3/z3.py", line 7734, in simplify
    return _to_expr_ref(Z3_simplify(a.ctx_ref(), a.as_ast()), a.ctx)
  File "/root/osiris/z3/z3core.py", line 2741, in Z3_simplify
    r = _elems.f(a0, a1)
  File "/root/osiris/symExec.py", line 2868, in handler
    raise Exception("timeout")
Exception: timeout
INFO:symExec:	============ Results ===========
INFO:symExec:	  EVM code coverage: 	 53.7%
INFO:symExec:	  Arithmetic bugs: 	 False
INFO:symExec:	  └> Overflow bugs: 	 False
INFO:symExec:	  └> Underflow bugs: 	 False
INFO:symExec:	  └> Division bugs: 	 False
INFO:symExec:	  └> Modulo bugs:   	 False
INFO:symExec:	  └> Truncation bugs: 	 False
INFO:symExec:	  └> Signedness bugs: 	 False
INFO:symExec:	  Callstack bug: 	 False
INFO:symExec:	  Concurrency bug: 	 False
INFO:symExec:	  Time dependency bug: 	 False
INFO:symExec:	  Reentrancy bug: 	 False
INFO:symExec:	 --- 50.0607290268 seconds ---
INFO:symExec:	====== Analysis Completed ======
INFO:root:Contract //root/smartbugs/dataset/int_bugs_9/0604/repair_tru/SMT_repair_mutation_for_inttruncate_246_1.sol:StandardToken:
INFO:symExec:Running, please wait...
INFO:symExec:	============ Results ===========
INFO:symExec:	  EVM code coverage: 	 100.0%
INFO:symExec:	  Arithmetic bugs: 	 False
INFO:symExec:	  └> Overflow bugs: 	 False
INFO:symExec:	  └> Underflow bugs: 	 False
INFO:symExec:	  └> Division bugs: 	 False
INFO:symExec:	  └> Modulo bugs:   	 False
INFO:symExec:	  └> Truncation bugs: 	 False
INFO:symExec:	  └> Signedness bugs: 	 False
INFO:symExec:	  Callstack bug: 	 False
INFO:symExec:	  Concurrency bug: 	 False
INFO:symExec:	  Time dependency bug: 	 False
INFO:symExec:	  Reentrancy bug: 	 False
INFO:symExec:	 --- 7.14428806305 seconds ---
INFO:symExec:	====== Analysis Completed ======

  .oooooo.             o8o            o8o          
 d8P'  `Y8b            `"'            `"'          
888      888  .oooo.o oooo  oooo d8b oooo   .oooo.o
888      888 d88(  "8 `888  `888""8P `888  d88(  "8
888      888 `"Y88b.   888   888      888  `"Y88b. 
`88b    d88' o.  )88b  888   888      888  o.  )88b
 `Y8bood8P'  8""888P' o888o d888b    o888o 8""888P'




!!! SYMBOLIC EXECUTION TIMEOUT !!!
Unexpected error: <type 'exceptions.Exception'>