INFO:root:Contract //root/smartbugs/dataset/int_bugs_9/0604/repair_tru/INT_repair_mutation_for_inttruncate_69_1.sol:INT:
INFO:symExec:Running, please wait...
INFO:symExec:	============ Results ===========
INFO:symExec:	  EVM code coverage: 	 69.2%
INFO:symExec:	  Arithmetic bugs: 	 True
INFO:symExec:	  └> Overflow bugs: 	 True
//root/smartbugs/dataset/int_bugs_9/0604/repair_tru/INT_repair_mutation_for_inttruncate_69_1.sol:INT:142:7
balanceOf[_to] += _value
^
//root/smartbugs/dataset/int_bugs_9/0604/repair_tru/INT_repair_mutation_for_inttruncate_69_1.sol:INT:138:16
balanceOf[_to] + _value
^
INFO:symExec:	  └> Underflow bugs: 	 True
//root/smartbugs/dataset/int_bugs_9/0604/repair_tru/INT_repair_mutation_for_inttruncate_69_1.sol:INT:141:7
balanceOf[_from] -= _value
^
INFO:symExec:	  └> Division bugs: 	 False
INFO:symExec:	  └> Modulo bugs:   	 False
INFO:symExec:	  └> Truncation bugs: 	 False
INFO:symExec:	  └> Signedness bugs: 	 False
INFO:symExec:	  Callstack bug: 	 False
INFO:symExec:	  Concurrency bug: 	 False
INFO:symExec:	  Time dependency bug: 	 False
INFO:symExec:	  Reentrancy bug: 	 False
INFO:symExec:	 --- 50.0587630272 seconds ---
INFO:symExec:	====== Analysis Completed ======
INFO:root:Contract //root/smartbugs/dataset/int_bugs_9/0604/repair_tru/INT_repair_mutation_for_inttruncate_69_1.sol:INTToken:
INFO:symExec:Running, please wait...
Traceback (most recent call last):
  File "/root/osiris/taintFlow.py", line 624, in perform_taint_analysis
    items_taken_count = get_opcode(opcode)[1]
  File "/root/osiris/symExec.py", line 2868, in handler
    raise Exception("timeout")
Exception: timeout
INFO:symExec:	============ Results ===========
INFO:symExec:	  EVM code coverage: 	 69.2%
INFO:symExec:	  Arithmetic bugs: 	 True
INFO:symExec:	  └> Overflow bugs: 	 True
//root/smartbugs/dataset/int_bugs_9/0604/repair_tru/INT_repair_mutation_for_inttruncate_69_1.sol:INTToken:142:7
balanceOf[_to] += _value
^
//root/smartbugs/dataset/int_bugs_9/0604/repair_tru/INT_repair_mutation_for_inttruncate_69_1.sol:INTToken:138:16
balanceOf[_to] + _value
^
INFO:symExec:	  └> Underflow bugs: 	 True
//root/smartbugs/dataset/int_bugs_9/0604/repair_tru/INT_repair_mutation_for_inttruncate_69_1.sol:INTToken:141:7
balanceOf[_from] -= _value
^
INFO:symExec:	  └> Division bugs: 	 False
INFO:symExec:	  └> Modulo bugs:   	 False
INFO:symExec:	  └> Truncation bugs: 	 False
INFO:symExec:	  └> Signedness bugs: 	 False
INFO:symExec:	  Callstack bug: 	 False
INFO:symExec:	  Concurrency bug: 	 False
INFO:symExec:	  Time dependency bug: 	 False
INFO:symExec:	  Reentrancy bug: 	 False
INFO:symExec:	 --- 50.0346338749 seconds ---
INFO:symExec:	====== Analysis Completed ======
INFO:root:Contract //root/smartbugs/dataset/int_bugs_9/0604/repair_tru/INT_repair_mutation_for_inttruncate_69_1.sol:owned:
INFO:symExec:Running, please wait...
INFO:symExec:	============ Results ===========
INFO:symExec:	  EVM code coverage: 	 99.4%
INFO:symExec:	  Arithmetic bugs: 	 False
INFO:symExec:	  └> Overflow bugs: 	 False
INFO:symExec:	  └> Underflow bugs: 	 False
INFO:symExec:	  └> Division bugs: 	 False
INFO:symExec:	  └> Modulo bugs:   	 False
INFO:symExec:	  └> Truncation bugs: 	 False
INFO:symExec:	  └> Signedness bugs: 	 False
INFO:symExec:	  Callstack bug: 	 False
INFO:symExec:	  Concurrency bug: 	 False
INFO:symExec:	  Time dependency bug: 	 False
INFO:symExec:	  Reentrancy bug: 	 False
INFO:symExec:	 --- 0.21683216095 seconds ---
INFO:symExec:	====== Analysis Completed ======
INFO:root:Contract //root/smartbugs/dataset/int_bugs_9/0604/repair_tru/INT_repair_mutation_for_inttruncate_69_1.sol:token:
INFO:symExec:Running, please wait...
INFO:symExec:	============ Results ===========
INFO:symExec:	  EVM code coverage: 	 76.8%
INFO:symExec:	  Arithmetic bugs: 	 True
INFO:symExec:	  └> Overflow bugs: 	 True
//root/smartbugs/dataset/int_bugs_9/0604/repair_tru/INT_repair_mutation_for_inttruncate_69_1.sol:token:51:7
balanceOf[_to] += _value
^
//root/smartbugs/dataset/int_bugs_9/0604/repair_tru/INT_repair_mutation_for_inttruncate_69_1.sol:token:49:16
balanceOf[_to] + _value
^
INFO:symExec:	  └> Underflow bugs: 	 True
//root/smartbugs/dataset/int_bugs_9/0604/repair_tru/INT_repair_mutation_for_inttruncate_69_1.sol:token:50:7
balanceOf[_from] -= _value
^
INFO:symExec:	  └> Division bugs: 	 False
INFO:symExec:	  └> Modulo bugs:   	 False
INFO:symExec:	  └> Truncation bugs: 	 False
INFO:symExec:	  └> Signedness bugs: 	 False
INFO:symExec:	  Callstack bug: 	 False
INFO:symExec:	  Concurrency bug: 	 False
INFO:symExec:	  Time dependency bug: 	 False
INFO:symExec:	  Reentrancy bug: 	 False
INFO:symExec:	 --- 50.0493381023 seconds ---
INFO:symExec:	====== Analysis Completed ======

  .oooooo.             o8o            o8o          
 d8P'  `Y8b            `"'            `"'          
888      888  .oooo.o oooo  oooo d8b oooo   .oooo.o
888      888 d88(  "8 `888  `888""8P `888  d88(  "8
888      888 `"Y88b.   888   888      888  `"Y88b. 
`88b    d88' o.  )88b  888   888      888  o.  )88b
 `Y8bood8P'  8""888P' o888o d888b    o888o 8""888P'


!!! SYMBOLIC EXECUTION TIMEOUT !!!

!!! SYMBOLIC EXECUTION TIMEOUT !!!
Unexpected error: <type 'exceptions.Exception'>


!!! SYMBOLIC EXECUTION TIMEOUT !!!