INFO:root:Contract //root/smartbugs/dataset/int_bugs_9/0604/repair_del/BEC_repair_mutation_for_del_line_22.sol:BasicToken:
INFO:symExec:Running, please wait...
INFO:symExec:	============ Results ===========
INFO:symExec:	  EVM code coverage: 	 99.8%
INFO:symExec:	  Arithmetic bugs: 	 False
INFO:symExec:	  └> Overflow bugs: 	 False
INFO:symExec:	  └> Underflow bugs: 	 False
INFO:symExec:	  └> Division bugs: 	 False
INFO:symExec:	  └> Modulo bugs:   	 False
INFO:symExec:	  └> Truncation bugs: 	 False
INFO:symExec:	  └> Signedness bugs: 	 False
INFO:symExec:	  Callstack bug: 	 False
INFO:symExec:	  Concurrency bug: 	 False
INFO:symExec:	  Time dependency bug: 	 False
INFO:symExec:	  Reentrancy bug: 	 False
INFO:symExec:	 --- 0.447617053986 seconds ---
INFO:symExec:	====== Analysis Completed ======
INFO:root:Contract //root/smartbugs/dataset/int_bugs_9/0604/repair_del/BEC_repair_mutation_for_del_line_22.sol:BecToken:
INFO:symExec:Running, please wait...
Exception Exception: Exception('timeout',) in <bound method Solver.__del__ of [Iv >= 0,
 init_Is >= Iv,
 init_Ia >= 0,
 Not(If(ULE(4, Id_size), 0, 1) != 0),
 Not(If(Extract(255, 224, Id_1) == 117300739, 1, 0) != 0),
 Not(If(Extract(255, 224, Id_1) == 157198259, 1, 0) != 0),
 Not(If(Extract(255, 224, Id_1) == 404098525, 1, 0) != 0),
 Not(If(Extract(255, 224, Id_1) == 599290589, 1, 0) != 0),
 Not(If(Extract(255, 224, Id_1) == 826074471, 1, 0) != 0),
 Not(If(Extract(255, 224, Id_1) == 1061922874, 1, 0) != 0),
 Not(If(Extract(255, 224, Id_1) == 1425886544, 1, 0) != 0),
 Not(If(Extract(255, 224, Id_1) == 1553423035, 1, 0) != 0),
 Not(If(Extract(255, 224, Id_1) == 1889567281, 1, 0) != 0),
 Not(If(Extract(255, 224, Id_1) == 2213621740, 1, 0) != 0),
 Not(If(Extract(255, 224, Id_1) == 2220280665, 1, 0) != 0),
 Not(If(Extract(255, 224, Id_1) == 2376452955, 1, 0) != 0),
 If(Extract(255, 224, Id_1) == 2514000705, 1, 0) != 0,
 If(Iv == 0, 1, 0) != 0,
 Not(If(~(~Extract(255,
                   1,
                   115792089237316195423570985008687907853269984665640564039457584007913129639935 +
                   256*
                   If(Extract(0, 0, Ia_store_5) == 0, 1, 0)) |
          ~Extract(255, 1, Ia_store_5)) ==
        0,
        1,
        0) !=
     0),
 If(~(~Extract(255,
               6,
               115792089237316195423570985008687907853269984665640564039457584007913129639935 +
               256*If(Extract(0, 0, Ia_store_5) == 0, 1, 0)) |
      ~Extract(255, 6, Ia_store_5)) ==
    0,
    0,
    1) !=
 0,
 If(And(Extract(255,
                8,
                128 +
                Concat(0,
                       ~(~Extract(255,
                                  1,
                                  115792089237316195423570985008687907853269984665640564039457584007913129639935 +
                                  256*
                                  If(Extract(0,
                                        0,
                                        Ia_store_5) ==
                                     0,
                                     1,
                                     0)) |
                         ~Extract(255, 1, Ia_store_5)))) ==
        0,
        ULE(128 +
            ~(~Extract(8,
                       1,
                       115792089237316195423570985008687907853269984665640564039457584007913129639935 +
                       256*
                       If(Extract(0, 0, Ia_store_5) == 0,
                          1,
                          0)) |
              ~Extract(8, 1, Ia_store_5)),
            160)),
    0,
    1) !=
 0,
 If(And(Extract(255,
                8,
                128 +
                Concat(0,
                       ~(~Extract(255,
                                  1,
                                  115792089237316195423570985008687907853269984665640564039457584007913129639935 +
                                  256*
                                  If(Extract(0,
                                        0,
                                        Ia_store_5) ==
                                     0,
                                     1,
                                     0)) |
                         ~Extract(255, 1, Ia_store_5)))) ==
        0,
        ULE(128 +
            ~(~Extract(8,
                       1,
                       115792089237316195423570985008687907853269984665640564039457584007913129639935 +
                       256*
                       If(Extract(0, 0, Ia_store_5) == 0,
                          1,
                          0)) |
              ~Extract(8, 1, Ia_store_5)),
            192)),
    0,
    1) !=
 0,
 If(And(Extract(255,
                8,
                128 +
                Concat(0,
                       ~(~Extract(255,
                                  1,
                                  115792089237316195423570985008687907853269984665640564039457584007913129639935 +
                                  256*
                                  If(Extract(0,
                                        0,
                                        Ia_store_5) ==
                                     0,
                                     1,
                                     0)) |
                         ~Extract(255, 1, Ia_store_5)))) ==
        0,
        ULE(128 +
            ~(~Extract(8,
                       1,
                       115792089237316195423570985008687907853269984665640564039457584007913129639935 +
                       256*
                       If(Extract(0, 0, Ia_store_5) == 0,
                          1,
                          0)) |
              ~Extract(8, 1, Ia_store_5)),
            224)),
    0,
    1) !=
 0,
 If(And(Extract(255,
                9,
                128 +
                Concat(0,
                       ~(~Extract(255,
                                  1,
                                  115792089237316195423570985008687907853269984665640564039457584007913129639935 +
                                  256*
                                  If(Extract(0,
                                        0,
                                        Ia_store_5) ==
                                     0,
                                     1,
                                     0)) |
                         ~Extract(255, 1, Ia_store_5)))) ==
        0,
        ULE(128 +
            ~(~Extract(9,
                       1,
                       115792089237316195423570985008687907853269984665640564039457584007913129639935 +
                       256*
                       If(Extract(0, 0, Ia_store_5) == 0,
                          1,
                          0)) |
              ~Extract(9, 1, Ia_store_5)),
            256)),
    0,
    1) !=
 0,
 If(And(Extract(255,
                9,
                128 +
                Concat(0,
                       ~(~Extract(255,
                                  1,
                                  115792089237316195423570985008687907853269984665640564039457584007913129639935 +
                                  256*
                                  If(Extract(0,
                                        0,
                                        Ia_store_5) ==
                                     0,
                                     1,
                                     0)) |
                         ~Extract(255, 1, Ia_store_5)))) ==
        0,
        ULE(128 +
            ~(~Extract(9,
                       1,
                       115792089237316195423570985008687907853269984665640564039457584007913129639935 +
                       256*
                       If(Extract(0, 0, Ia_store_5) == 0,
                          1,
                          0)) |
              ~Extract(9, 1, Ia_store_5)),
            288)),
    0,
    1) !=
 0,
 Not(If(And(Extract(255,
                    9,
                    128 +
                    Concat(0,
                           ~(~Extract(255,
                                      1,
                                      115792089237316195423570985008687907853269984665640564039457584007913129639935 +
                                      256*
                                      If(Extract(0,
                                        0,
                                        Ia_store_5) ==
                                        0,
                                        1,
                                        0)) |
                             ~Extract(255, 1, Ia_store_5)))) ==
            0,
            ULE(128 +
                ~(~Extract(9,
...> ignored
INFO:symExec:	============ Results ===========
INFO:symExec:	  EVM code coverage: 	 71.5%
INFO:symExec:	  Arithmetic bugs: 	 False
INFO:symExec:	  └> Overflow bugs: 	 False
INFO:symExec:	  └> Underflow bugs: 	 False
INFO:symExec:	  └> Division bugs: 	 False
INFO:symExec:	  └> Modulo bugs:   	 False
INFO:symExec:	  └> Truncation bugs: 	 False
INFO:symExec:	  └> Signedness bugs: 	 False
INFO:symExec:	  Callstack bug: 	 False
INFO:symExec:	  Concurrency bug: 	 False
INFO:symExec:	  Time dependency bug: 	 False
INFO:symExec:	  Reentrancy bug: 	 False
INFO:symExec:	 --- 50.127409935 seconds ---
INFO:symExec:	====== Analysis Completed ======
INFO:root:Contract //root/smartbugs/dataset/int_bugs_9/0604/repair_del/BEC_repair_mutation_for_del_line_22.sol:Ownable:
INFO:symExec:Running, please wait...
INFO:symExec:	============ Results ===========
INFO:symExec:	  EVM code coverage: 	 99.5%
INFO:symExec:	  Arithmetic bugs: 	 False
INFO:symExec:	  └> Overflow bugs: 	 False
INFO:symExec:	  └> Underflow bugs: 	 False
INFO:symExec:	  └> Division bugs: 	 False
INFO:symExec:	  └> Modulo bugs:   	 False
INFO:symExec:	  └> Truncation bugs: 	 False
INFO:symExec:	  └> Signedness bugs: 	 False
INFO:symExec:	  Callstack bug: 	 False
INFO:symExec:	  Concurrency bug: 	 False
INFO:symExec:	  Time dependency bug: 	 False
INFO:symExec:	  Reentrancy bug: 	 False
INFO:symExec:	 --- 0.290666103363 seconds ---
INFO:symExec:	====== Analysis Completed ======
INFO:root:Contract //root/smartbugs/dataset/int_bugs_9/0604/repair_del/BEC_repair_mutation_for_del_line_22.sol:Pausable:
INFO:symExec:Running, please wait...
INFO:symExec:	============ Results ===========
INFO:symExec:	  EVM code coverage: 	 99.8%
INFO:symExec:	  Arithmetic bugs: 	 False
INFO:symExec:	  └> Overflow bugs: 	 False
INFO:symExec:	  └> Underflow bugs: 	 False
INFO:symExec:	  └> Division bugs: 	 False
INFO:symExec:	  └> Modulo bugs:   	 False
INFO:symExec:	  └> Truncation bugs: 	 False
INFO:symExec:	  └> Signedness bugs: 	 False
INFO:symExec:	  Callstack bug: 	 False
INFO:symExec:	  Concurrency bug: 	 False
INFO:symExec:	  Time dependency bug: 	 False
INFO:symExec:	  Reentrancy bug: 	 False
INFO:symExec:	 --- 0.557703971863 seconds ---
INFO:symExec:	====== Analysis Completed ======
INFO:root:Contract //root/smartbugs/dataset/int_bugs_9/0604/repair_del/BEC_repair_mutation_for_del_line_22.sol:PausableToken:
INFO:symExec:Running, please wait...
INFO:symExec:	============ Results ===========
INFO:symExec:	  EVM code coverage: 	 86.5%
INFO:symExec:	  Arithmetic bugs: 	 False
INFO:symExec:	  └> Overflow bugs: 	 False
INFO:symExec:	  └> Underflow bugs: 	 False
INFO:symExec:	  └> Division bugs: 	 False
INFO:symExec:	  └> Modulo bugs:   	 False
INFO:symExec:	  └> Truncation bugs: 	 False
INFO:symExec:	  └> Signedness bugs: 	 False
INFO:symExec:	  Callstack bug: 	 False
INFO:symExec:	  Concurrency bug: 	 False
INFO:symExec:	  Time dependency bug: 	 False
INFO:symExec:	  Reentrancy bug: 	 False
INFO:symExec:	 --- 14.6314270496 seconds ---
INFO:symExec:	====== Analysis Completed ======
INFO:root:Contract //root/smartbugs/dataset/int_bugs_9/0604/repair_del/BEC_repair_mutation_for_del_line_22.sol:SafeMath:
INFO:symExec:Running, please wait...
INFO:symExec:	============ Results ===========
INFO:symExec:	  EVM code coverage: 	 100.0%
INFO:symExec:	  Arithmetic bugs: 	 False
INFO:symExec:	  └> Overflow bugs: 	 False
INFO:symExec:	  └> Underflow bugs: 	 False
INFO:symExec:	  └> Division bugs: 	 False
INFO:symExec:	  └> Modulo bugs:   	 False
INFO:symExec:	  └> Truncation bugs: 	 False
INFO:symExec:	  └> Signedness bugs: 	 False
INFO:symExec:	  Callstack bug: 	 False
INFO:symExec:	  Concurrency bug: 	 False
INFO:symExec:	  Time dependency bug: 	 False
INFO:symExec:	  Reentrancy bug: 	 False
INFO:symExec:	 --- 0.00752305984497 seconds ---
INFO:symExec:	====== Analysis Completed ======
INFO:root:Contract //root/smartbugs/dataset/int_bugs_9/0604/repair_del/BEC_repair_mutation_for_del_line_22.sol:StandardToken:
INFO:symExec:Running, please wait...
INFO:symExec:	============ Results ===========
INFO:symExec:	  EVM code coverage: 	 99.9%
INFO:symExec:	  Arithmetic bugs: 	 False
INFO:symExec:	  └> Overflow bugs: 	 False
INFO:symExec:	  └> Underflow bugs: 	 False
INFO:symExec:	  └> Division bugs: 	 False
INFO:symExec:	  └> Modulo bugs:   	 False
INFO:symExec:	  └> Truncation bugs: 	 False
INFO:symExec:	  └> Signedness bugs: 	 False
INFO:symExec:	  Callstack bug: 	 False
INFO:symExec:	  Concurrency bug: 	 False
INFO:symExec:	  Time dependency bug: 	 False
INFO:symExec:	  Reentrancy bug: 	 False
INFO:symExec:	 --- 1.63172197342 seconds ---
INFO:symExec:	====== Analysis Completed ======

  .oooooo.             o8o            o8o          
 d8P'  `Y8b            `"'            `"'          
888      888  .oooo.o oooo  oooo d8b oooo   .oooo.o
888      888 d88(  "8 `888  `888""8P `888  d88(  "8
888      888 `"Y88b.   888   888      888  `"Y88b. 
`88b    d88' o.  )88b  888   888      888  o.  )88b
 `Y8bood8P'  8""888P' o888o d888b    o888o 8""888P'



!!! SYMBOLIC EXECUTION TIMEOUT !!!