INFO:root:Contract //root/smartbugs/dataset/int_bugs_9/0604/repair_cha/CryptonitexCoin_repair_mutation_for_greater_line_168.sol:CryptonitexCoin:
INFO:symExec:Running, please wait...
Traceback (most recent call last):
  File "/root/osiris/taintFlow.py", line 671, in perform_taint_analysis
    branches[right_branch][pc]["tainted_memory"] = copy.deepcopy(tainted_memory)
  File "/usr/lib/python2.7/copy.py", line 163, in deepcopy
    y = copier(x, memo)
  File "/usr/lib/python2.7/copy.py", line 257, in _deepcopy_dict
    y[deepcopy(key, memo)] = deepcopy(value, memo)
  File "/usr/lib/python2.7/copy.py", line 163, in deepcopy
    y = copier(x, memo)
  File "/usr/lib/python2.7/copy.py", line 298, in _deepcopy_inst
    state = deepcopy(state, memo)
  File "/usr/lib/python2.7/copy.py", line 163, in deepcopy
    y = copier(x, memo)
  File "/usr/lib/python2.7/copy.py", line 257, in _deepcopy_dict
    y[deepcopy(key, memo)] = deepcopy(value, memo)
  File "/usr/lib/python2.7/copy.py", line 163, in deepcopy
    y = copier(x, memo)
  File "/usr/lib/python2.7/copy.py", line 284, in _deepcopy_inst
    if hasattr(x, '__deepcopy__'):
  File "/root/osiris/symExec.py", line 2868, in handler
    raise Exception("timeout")
Exception: timeout
INFO:symExec:	============ Results ===========
INFO:symExec:	  EVM code coverage: 	 85.0%
INFO:symExec:	  Arithmetic bugs: 	 True
INFO:symExec:	  └> Overflow bugs: 	 False
INFO:symExec:	  └> Underflow bugs: 	 True
//root/smartbugs/dataset/int_bugs_9/0604/repair_cha/CryptonitexCoin_repair_mutation_for_greater_line_168.sol:CryptonitexCoin:172:9
totalSupply -= _value
^
//root/smartbugs/dataset/int_bugs_9/0604/repair_cha/CryptonitexCoin_repair_mutation_for_greater_line_168.sol:CryptonitexCoin:170:9
balanceOf[_from] -= _value
^
INFO:symExec:	  └> Division bugs: 	 False
INFO:symExec:	  └> Modulo bugs:   	 False
INFO:symExec:	  └> Truncation bugs: 	 False
INFO:symExec:	  └> Signedness bugs: 	 False
INFO:symExec:	  Callstack bug: 	 False
INFO:symExec:	  Concurrency bug: 	 False
INFO:symExec:	  Time dependency bug: 	 False
INFO:symExec:	  Reentrancy bug: 	 False
INFO:symExec:	 --- 50.0855619907 seconds ---
INFO:symExec:	====== Analysis Completed ======
INFO:root:Contract //root/smartbugs/dataset/int_bugs_9/0604/repair_cha/CryptonitexCoin_repair_mutation_for_greater_line_168.sol:TokenERC20:
INFO:symExec:Running, please wait...
INFO:symExec:	============ Results ===========
INFO:symExec:	  EVM code coverage: 	 81.1%
INFO:symExec:	  Arithmetic bugs: 	 True
INFO:symExec:	  └> Overflow bugs: 	 False
INFO:symExec:	  └> Underflow bugs: 	 True
//root/smartbugs/dataset/int_bugs_9/0604/repair_cha/CryptonitexCoin_repair_mutation_for_greater_line_168.sol:TokenERC20:172:9
totalSupply -= _value
^
//root/smartbugs/dataset/int_bugs_9/0604/repair_cha/CryptonitexCoin_repair_mutation_for_greater_line_168.sol:TokenERC20:170:9
balanceOf[_from] -= _value
^
INFO:symExec:	  └> Division bugs: 	 False
INFO:symExec:	  └> Modulo bugs:   	 False
INFO:symExec:	  └> Truncation bugs: 	 False
INFO:symExec:	  └> Signedness bugs: 	 False
INFO:symExec:	  Callstack bug: 	 False
INFO:symExec:	  Concurrency bug: 	 False
INFO:symExec:	  Time dependency bug: 	 False
INFO:symExec:	  Reentrancy bug: 	 False
INFO:symExec:	 --- 61.1125831604 seconds ---
INFO:symExec:	====== Analysis Completed ======
INFO:root:Contract //root/smartbugs/dataset/int_bugs_9/0604/repair_cha/CryptonitexCoin_repair_mutation_for_greater_line_168.sol:owned:
INFO:symExec:Running, please wait...
INFO:symExec:	============ Results ===========
INFO:symExec:	  EVM code coverage: 	 99.4%
INFO:symExec:	  Arithmetic bugs: 	 False
INFO:symExec:	  └> Overflow bugs: 	 False
INFO:symExec:	  └> Underflow bugs: 	 False
INFO:symExec:	  └> Division bugs: 	 False
INFO:symExec:	  └> Modulo bugs:   	 False
INFO:symExec:	  └> Truncation bugs: 	 False
INFO:symExec:	  └> Signedness bugs: 	 False
INFO:symExec:	  Callstack bug: 	 False
INFO:symExec:	  Concurrency bug: 	 False
INFO:symExec:	  Time dependency bug: 	 False
INFO:symExec:	  Reentrancy bug: 	 False
INFO:symExec:	 --- 0.29492688179 seconds ---
INFO:symExec:	====== Analysis Completed ======

  .oooooo.             o8o            o8o          
 d8P'  `Y8b            `"'            `"'          
888      888  .oooo.o oooo  oooo d8b oooo   .oooo.o
888      888 d88(  "8 `888  `888""8P `888  d88(  "8
888      888 `"Y88b.   888   888      888  `"Y88b. 
`88b    d88' o.  )88b  888   888      888  o.  )88b
 `Y8bood8P'  8""888P' o888o d888b    o888o 8""888P'


!!! SYMBOLIC EXECUTION TIMEOUT !!!
Unexpected error: <type 'exceptions.Exception'>

!!! SYMBOLIC EXECUTION TIMEOUT !!!