INFO:root:Contract //root/smartbugs/dataset/int_bugs_9/0604/repair_tru/BAS_repair_mutation_for_inttruncate_146_1.sol:BitAseanToken:
INFO:symExec:Running, please wait...
Traceback (most recent call last):
  File "/root/osiris/taintFlow.py", line 643, in perform_taint_analysis
    tainted_memory = copy.deepcopy(branches[pc][previous_block.get_end_address()]["tainted_memory"])
  File "/usr/lib/python2.7/copy.py", line 163, in deepcopy
    y = copier(x, memo)
  File "/usr/lib/python2.7/copy.py", line 257, in _deepcopy_dict
    y[deepcopy(key, memo)] = deepcopy(value, memo)
  File "/usr/lib/python2.7/copy.py", line 163, in deepcopy
    y = copier(x, memo)
  File "/usr/lib/python2.7/copy.py", line 298, in _deepcopy_inst
    state = deepcopy(state, memo)
  File "/usr/lib/python2.7/copy.py", line 163, in deepcopy
    y = copier(x, memo)
  File "/usr/lib/python2.7/copy.py", line 257, in _deepcopy_dict
    y[deepcopy(key, memo)] = deepcopy(value, memo)
  File "/usr/lib/python2.7/copy.py", line 163, in deepcopy
    y = copier(x, memo)
  File "/usr/lib/python2.7/copy.py", line 230, in _deepcopy_list
    y.append(deepcopy(a, memo))
  File "/usr/lib/python2.7/copy.py", line 163, in deepcopy
    y = copier(x, memo)
  File "/usr/lib/python2.7/copy.py", line 257, in _deepcopy_dict
    y[deepcopy(key, memo)] = deepcopy(value, memo)
  File "/usr/lib/python2.7/copy.py", line 163, in deepcopy
    y = copier(x, memo)
  File "/usr/lib/python2.7/copy.py", line 298, in _deepcopy_inst
    state = deepcopy(state, memo)
  File "/usr/lib/python2.7/copy.py", line 163, in deepcopy
    y = copier(x, memo)
  File "/usr/lib/python2.7/copy.py", line 257, in _deepcopy_dict
    y[deepcopy(key, memo)] = deepcopy(value, memo)
  File "/usr/lib/python2.7/copy.py", line 163, in deepcopy
    y = copier(x, memo)
  File "/usr/lib/python2.7/copy.py", line 230, in _deepcopy_list
    y.append(deepcopy(a, memo))
  File "/usr/lib/python2.7/copy.py", line 163, in deepcopy
    y = copier(x, memo)
  File "/usr/lib/python2.7/copy.py", line 285, in _deepcopy_inst
    return x.__deepcopy__(memo)
  File "/root/osiris/z3/z3.py", line 287, in __deepcopy__
    return _to_ast_ref(self.ast, self.ctx)
  File "/root/osiris/z3/z3.py", line 465, in _to_ast_ref
    return _to_expr_ref(a, ctx)
  File "/root/osiris/symExec.py", line 2868, in handler
    raise Exception("timeout")
Exception: timeout
INFO:symExec:	============ Results ===========
INFO:symExec:	  EVM code coverage: 	 89.7%
INFO:symExec:	  Arithmetic bugs: 	 False
INFO:symExec:	  └> Overflow bugs: 	 False
INFO:symExec:	  └> Underflow bugs: 	 False
INFO:symExec:	  └> Division bugs: 	 False
INFO:symExec:	  └> Modulo bugs:   	 False
INFO:symExec:	  └> Truncation bugs: 	 False
INFO:symExec:	  └> Signedness bugs: 	 False
INFO:symExec:	  Callstack bug: 	 False
INFO:symExec:	  Concurrency bug: 	 False
INFO:symExec:	  Time dependency bug: 	 False
INFO:symExec:	  Reentrancy bug: 	 False
INFO:symExec:	 --- 50.1157181263 seconds ---
INFO:symExec:	====== Analysis Completed ======
INFO:root:Contract //root/smartbugs/dataset/int_bugs_9/0604/repair_tru/BAS_repair_mutation_for_inttruncate_146_1.sol:owned:
INFO:symExec:Running, please wait...
INFO:symExec:	============ Results ===========
INFO:symExec:	  EVM code coverage: 	 98.6%
INFO:symExec:	  Arithmetic bugs: 	 False
INFO:symExec:	  └> Overflow bugs: 	 False
INFO:symExec:	  └> Underflow bugs: 	 False
INFO:symExec:	  └> Division bugs: 	 False
INFO:symExec:	  └> Modulo bugs:   	 False
INFO:symExec:	  └> Truncation bugs: 	 False
INFO:symExec:	  └> Signedness bugs: 	 False
INFO:symExec:	  Callstack bug: 	 False
INFO:symExec:	  Concurrency bug: 	 False
INFO:symExec:	  Time dependency bug: 	 False
INFO:symExec:	  Reentrancy bug: 	 False
INFO:symExec:	 --- 0.159560918808 seconds ---
INFO:symExec:	====== Analysis Completed ======
INFO:root:Contract //root/smartbugs/dataset/int_bugs_9/0604/repair_tru/BAS_repair_mutation_for_inttruncate_146_1.sol:token:
INFO:symExec:Running, please wait...
INFO:symExec:	============ Results ===========
INFO:symExec:	  EVM code coverage: 	 94.7%
INFO:symExec:	  Arithmetic bugs: 	 False
INFO:symExec:	  └> Overflow bugs: 	 False
INFO:symExec:	  └> Underflow bugs: 	 False
INFO:symExec:	  └> Division bugs: 	 False
INFO:symExec:	  └> Modulo bugs:   	 False
INFO:symExec:	  └> Truncation bugs: 	 False
INFO:symExec:	  └> Signedness bugs: 	 False
INFO:symExec:	  Callstack bug: 	 False
INFO:symExec:	  Concurrency bug: 	 False
INFO:symExec:	  Time dependency bug: 	 False
INFO:symExec:	  Reentrancy bug: 	 False
INFO:symExec:	 --- 50.0780789852 seconds ---
INFO:symExec:	====== Analysis Completed ======

  .oooooo.             o8o            o8o          
 d8P'  `Y8b            `"'            `"'          
888      888  .oooo.o oooo  oooo d8b oooo   .oooo.o
888      888 d88(  "8 `888  `888""8P `888  d88(  "8
888      888 `"Y88b.   888   888      888  `"Y88b. 
`88b    d88' o.  )88b  888   888      888  o.  )88b
 `Y8bood8P'  8""888P' o888o d888b    o888o 8""888P'


!!! SYMBOLIC EXECUTION TIMEOUT !!!
Unexpected error: <type 'exceptions.Exception'>


!!! SYMBOLIC EXECUTION TIMEOUT !!!