INFO:root:Contract //root/smartbugs/dataset/int_bugs_9/0604/repair_tru/BCDN_repair_mutation_for_inttruncate_78_0.sol:blockcdn:
INFO:symExec:Running, please wait...
INFO:symExec:	============ Results ===========
INFO:symExec:	  EVM code coverage: 	 65.9%
INFO:symExec:	  Arithmetic bugs: 	 True
INFO:symExec:	  └> Overflow bugs: 	 True
//root/smartbugs/dataset/int_bugs_9/0604/repair_tru/BCDN_repair_mutation_for_inttruncate_78_0.sol:blockcdn:173:9
totalSupply +=  halfValue
^
INFO:symExec:	  └> Underflow bugs: 	 True
//root/smartbugs/dataset/int_bugs_9/0604/repair_tru/BCDN_repair_mutation_for_inttruncate_78_0.sol:blockcdn:78:1
balances[owner] -=uint128(token)
^
INFO:symExec:	  └> Division bugs: 	 False
INFO:symExec:	  └> Modulo bugs:   	 False
INFO:symExec:	  └> Truncation bugs: 	 False
INFO:symExec:	  └> Signedness bugs: 	 False
INFO:symExec:	  Callstack bug: 	 False
INFO:symExec:	  Concurrency bug: 	 True
Flow 1:
//root/smartbugs/dataset/int_bugs_9/0604/repair_tru/BCDN_repair_mutation_for_inttruncate_78_0.sol:blockcdn:111:13
msg.sender.send(value)
^
Flow 2:
//root/smartbugs/dataset/int_bugs_9/0604/repair_tru/BCDN_repair_mutation_for_inttruncate_78_0.sol:blockcdn:196:13
msg.sender.send(value)
^
INFO:symExec:	  Time dependency bug: 	 True
//root/smartbugs/dataset/int_bugs_9/0604/repair_tru/BCDN_repair_mutation_for_inttruncate_78_0.sol:blockcdn:106:9
if(now <= closeTime) throw
^
//root/smartbugs/dataset/int_bugs_9/0604/repair_tru/BCDN_repair_mutation_for_inttruncate_78_0.sol:blockcdn:192:9
if(now <= closeTime ) throw
^
INFO:symExec:	  Reentrancy bug: 	 False
INFO:symExec:	 --- 50.1413240433 seconds ---
INFO:symExec:	====== Analysis Completed ======

  .oooooo.             o8o            o8o          
 d8P'  `Y8b            `"'            `"'          
888      888  .oooo.o oooo  oooo d8b oooo   .oooo.o
888      888 d88(  "8 `888  `888""8P `888  d88(  "8
888      888 `"Y88b.   888   888      888  `"Y88b. 
`88b    d88' o.  )88b  888   888      888  o.  )88b
 `Y8bood8P'  8""888P' o888o d888b    o888o 8""888P'


!!! SYMBOLIC EXECUTION TIMEOUT !!!