INFO:root:Contract //root/smartbugs/dataset/int_bugs_9/0604/repair_sm/Ammbr_no_bug_o_safemath_mutation_line_122.sol:Ammbr:
INFO:symExec:Running, please wait...
Traceback (most recent call last):
  File "_ctypes/callbacks.c", line 315, in 'calling callback function'
  File "/root/osiris/z3/z3.py", line 137, in z3_error_handler

  .oooooo.             o8o            o8o          
 d8P'  `Y8b            `"'            `"'          
888      888  .oooo.o oooo  oooo d8b oooo   .oooo.o
888      888 d88(  "8 `888  `888""8P `888  d88(  "8
888      888 `"Y88b.   888   888      888  `"Y88b. 
`88b    d88' o.  )88b  888   888      888  o.  )88b
 `Y8bood8P'  8""888P' o888o d888b    o888o 8""888P'


!!! SYMBOLIC EXECUTION TIMEOUT !!!
    def z3_error_handler(c, e):
  File "/root/osiris/symExec.py", line 2868, in handler
    raise Exception("timeout")
Exception: timeout
INFO:symExec:	============ Results ===========
INFO:symExec:	  EVM code coverage: 	 75.6%
INFO:symExec:	  Arithmetic bugs: 	 False
INFO:symExec:	  └> Overflow bugs: 	 False
INFO:symExec:	  └> Underflow bugs: 	 False
INFO:symExec:	  └> Division bugs: 	 False
INFO:symExec:	  └> Modulo bugs:   	 False
INFO:symExec:	  └> Truncation bugs: 	 False
INFO:symExec:	  └> Signedness bugs: 	 False
INFO:symExec:	  Callstack bug: 	 False
INFO:symExec:	  Concurrency bug: 	 False
INFO:symExec:	  Time dependency bug: 	 False
INFO:symExec:	  Reentrancy bug: 	 False
INFO:symExec:	 --- 50.0916121006 seconds ---
INFO:symExec:	====== Analysis Completed ======
INFO:root:Contract //root/smartbugs/dataset/int_bugs_9/0604/repair_sm/Ammbr_no_bug_o_safemath_mutation_line_122.sol:Ownable:
INFO:symExec:Running, please wait...
INFO:symExec:	============ Results ===========
INFO:symExec:	  EVM code coverage: 	 99.2%
INFO:symExec:	  Arithmetic bugs: 	 False
INFO:symExec:	  └> Overflow bugs: 	 False
INFO:symExec:	  └> Underflow bugs: 	 False
INFO:symExec:	  └> Division bugs: 	 False
INFO:symExec:	  └> Modulo bugs:   	 False
INFO:symExec:	  └> Truncation bugs: 	 False
INFO:symExec:	  └> Signedness bugs: 	 False
INFO:symExec:	  Callstack bug: 	 False
INFO:symExec:	  Concurrency bug: 	 False
INFO:symExec:	  Time dependency bug: 	 False
INFO:symExec:	  Reentrancy bug: 	 False
INFO:symExec:	 --- 0.190080165863 seconds ---
INFO:symExec:	====== Analysis Completed ======
INFO:root:Contract //root/smartbugs/dataset/int_bugs_9/0604/repair_sm/Ammbr_no_bug_o_safemath_mutation_line_122.sol:SafeMath:
INFO:symExec:Running, please wait...
INFO:symExec:	============ Results ===========
INFO:symExec:	  EVM code coverage: 	 100.0%
INFO:symExec:	  Arithmetic bugs: 	 False
INFO:symExec:	  └> Overflow bugs: 	 False
INFO:symExec:	  └> Underflow bugs: 	 False
INFO:symExec:	  └> Division bugs: 	 False
INFO:symExec:	  └> Modulo bugs:   	 False
INFO:symExec:	  └> Truncation bugs: 	 False
INFO:symExec:	  └> Signedness bugs: 	 False
INFO:symExec:	  Callstack bug: 	 False
INFO:symExec:	  Concurrency bug: 	 False
INFO:symExec:	  Time dependency bug: 	 False
INFO:symExec:	  Reentrancy bug: 	 False
INFO:symExec:	 --- 0.00632500648499 seconds ---
INFO:symExec:	====== Analysis Completed ======
INFO:root:Contract //root/smartbugs/dataset/int_bugs_9/0604/repair_sm/Ammbr_no_bug_o_safemath_mutation_line_122.sol:StandardToken:
INFO:symExec:Running, please wait...
INFO:symExec:	============ Results ===========
INFO:symExec:	  EVM code coverage: 	 99.9%
INFO:symExec:	  Arithmetic bugs: 	 False
INFO:symExec:	  └> Overflow bugs: 	 False
INFO:symExec:	  └> Underflow bugs: 	 False
INFO:symExec:	  └> Division bugs: 	 False
INFO:symExec:	  └> Modulo bugs:   	 False
INFO:symExec:	  └> Truncation bugs: 	 False
INFO:symExec:	  └> Signedness bugs: 	 False
INFO:symExec:	  Callstack bug: 	 False
INFO:symExec:	  Concurrency bug: 	 False
INFO:symExec:	  Time dependency bug: 	 False
INFO:symExec:	  Reentrancy bug: 	 False
INFO:symExec:	 --- 1.54307389259 seconds ---
INFO:symExec:	====== Analysis Completed ======
Exception z3.z3types.Z3Exception: Z3Exception() in <object repr() failed> ignored
Exception z3.z3types.Z3Exception: Z3Exception() in <object repr() failed> ignored
Exception z3.z3types.Z3Exception: Z3Exception() in <object repr() failed> ignored
Exception z3.z3types.Z3Exception: Z3Exception() in <object repr() failed> ignored
Exception z3.z3types.Z3Exception: Z3Exception() in <object repr() failed> ignored
Exception z3.z3types.Z3Exception: Z3Exception() in <object repr() failed> ignored
Exception z3.z3types.Z3Exception: Z3Exception() in <object repr() failed> ignored
Exception z3.z3types.Z3Exception: Z3Exception() in <object repr() failed> ignored
Exception z3.z3types.Z3Exception: Z3Exception() in <object repr() failed> ignored
Exception z3.z3types.Z3Exception: Z3Exception() in <object repr() failed> ignored
Exception z3.z3types.Z3Exception: Z3Exception() in <object repr() failed> ignored
Exception z3.z3types.Z3Exception: Z3Exception() in <object repr() failed> ignored
Exception z3.z3types.Z3Exception: Z3Exception() in <object repr() failed> ignored
Exception z3.z3types.Z3Exception: Z3Exception() in <object repr() failed> ignored
Exception z3.z3types.Z3Exception: Z3Exception() in <object repr() failed> ignored
Exception z3.z3types.Z3Exception: Z3Exception() in <object repr() failed> ignored
Exception z3.z3types.Z3Exception: Z3Exception() in <object repr() failed> ignored
Exception z3.z3types.Z3Exception: Z3Exception() in <object repr() failed> ignored
Exception z3.z3types.Z3Exception: Z3Exception() in <object repr() failed> ignored
Exception z3.z3types.Z3Exception: Z3Exception() in <object repr() failed> ignored
Exception z3.z3types.Z3Exception: Z3Exception() in <object repr() failed> ignored
Exception z3.z3types.Z3Exception: Z3Exception() in <object repr() failed> ignored
Exception z3.z3types.Z3Exception: Z3Exception() in <object repr() failed> ignored
Exception z3.z3types.Z3Exception: Z3Exception() in <object repr() failed> ignored
Exception z3.z3types.Z3Exception: Z3Exception() in <object repr() failed> ignored
Exception z3.z3types.Z3Exception: Z3Exception() in <object repr() failed> ignored
Exception z3.z3types.Z3Exception: Z3Exception() in <object repr() failed> ignored
Exception z3.z3types.Z3Exception: Z3Exception() in <object repr() failed> ignored
Exception z3.z3types.Z3Exception: Z3Exception() in <object repr() failed> ignored
Exception z3.z3types.Z3Exception: Z3Exception() in <object repr() failed> ignored
Exception z3.z3types.Z3Exception: Z3Exception() in <object repr() failed> ignored